2018-12-05 16:46:13.507  INFO 42824 --- [main] com.ljshuoda.SpringbootWebSocket.Main    : Starting Main on DESKTOP-AK6UJN4 with PID 42824 (E:\IdeaPro\SpringbootWebSocket\target\classes started by benson in E:\IdeaPro\SpringbootWebSocket)
2018-12-05 16:46:13.547  INFO 42824 --- [main] com.ljshuoda.SpringbootWebSocket.Main    : No active profile set, falling back to default profiles: default
2018-12-05 16:46:13.785  INFO 42824 --- [main] ConfigServletWebServerApplicationContext : Refreshing org.springframework.boot.web.servlet.context.AnnotationConfigServletWebServerApplicationContext@3e58a80e: startup date [Wed Dec 05 16:46:13 CST 2018]; root of context hierarchy
2018-12-05 16:46:15.650  INFO 42824 --- [main] o.s.b.w.embedded.tomcat.TomcatWebServer  : Tomcat initialized with port(s): 9000 (http)
2018-12-05 16:46:15.707  INFO 42824 --- [main] o.apache.catalina.core.StandardService   : Starting service [Tomcat]
2018-12-05 16:46:15.708  INFO 42824 --- [main] org.apache.catalina.core.StandardEngine  : Starting Servlet Engine: Apache Tomcat/8.5.28
2018-12-05 16:46:15.723  INFO 42824 --- [localhost-startStop-1] o.a.catalina.core.AprLifecycleListener   : The APR based Apache Tomcat Native library which allows optimal performance in production environments was not found on the java.library.path: [D:\Program Files\Java\jdk1.8.0_171\bin;C:\WINDOWS\Sun\Java\bin;C:\WINDOWS\system32;C:\WINDOWS;C:\Program Files (x86)\Common Files\Oracle\Java\javapath;C:\ProgramData\Oracle\Java\javapath;C:\Program Files (x86)\Intel\iCLS Client\;C:\Program Files\Intel\iCLS Client\;C:\Windows\system32;C:\Windows;C:\Windows\System32\Wbem;C:\Windows\System32\WindowsPowerShell\v1.0\;C:\Program Files (x86)\Intel\Intel(R) Management Engine Components\DAL;C:\Program Files\Intel\Intel(R) Management Engine Components\DAL;C:\Program Files (x86)\Intel\Intel(R) Management Engine Components\IPT;C:\Program Files\Intel\Intel(R) Management Engine Components\IPT;C:\Program Files (x86)\NVIDIA Corporation\PhysX\Common;C:\WINDOWS\system32;C:\WINDOWS;C:\WINDOWS\System32\Wbem;C:\WINDOWS\System32\WindowsPowerShell\v1.0\;C:\Program Files (x86)\MySQL\MySQL Utilities 1.4.4\;C:\Program Files (x86)\MySQL\MySQL Utilities 1.4.4\Doctrine extensions for PHP\;D:\Program Files\Java\jdk1.8.0_171\bin;D:\Program Files\Java\jdk1.8.0_171\jre\bin;C:\MinGW\bin;D:\Program Files\TortoiseSVN\bin;D:\Program Files\PHP7;D:\Program Files\PHP7\ext;D:\nodejs\;D:\nodejs\node_global;C:\WINDOWS\System32\OpenSSH\;C:\Program Files\Git\cmd;C:\Users\benson\AppData\Local\Microsoft\WindowsApps;;C:\Program Files\Microsoft VS Code\bin;C:\Users\benson\AppData\Roaming\npm;.]
2018-12-05 16:46:15.849  INFO 42824 --- [localhost-startStop-1] o.a.c.c.C.[Tomcat].[localhost].[/]       : Initializing Spring embedded WebApplicationContext
2018-12-05 16:46:15.849  INFO 42824 --- [localhost-startStop-1] o.s.web.context.ContextLoader            : Root WebApplicationContext: initialization completed in 2064 ms
2018-12-05 16:46:15.974  INFO 42824 --- [localhost-startStop-1] o.s.b.w.servlet.ServletRegistrationBean  : Servlet dispatcherServlet mapped to [/]
2018-12-05 16:46:15.978  INFO 42824 --- [localhost-startStop-1] o.s.b.w.servlet.FilterRegistrationBean   : Mapping filter: 'characterEncodingFilter' to: [/*]
2018-12-05 16:46:15.978  INFO 42824 --- [localhost-startStop-1] o.s.b.w.servlet.FilterRegistrationBean   : Mapping filter: 'hiddenHttpMethodFilter' to: [/*]
2018-12-05 16:46:15.978  INFO 42824 --- [localhost-startStop-1] o.s.b.w.servlet.FilterRegistrationBean   : Mapping filter: 'httpPutFormContentFilter' to: [/*]
2018-12-05 16:46:15.978  INFO 42824 --- [localhost-startStop-1] o.s.b.w.servlet.FilterRegistrationBean   : Mapping filter: 'requestContextFilter' to: [/*]
2018-12-05 16:46:16.155  INFO 42824 --- [main] o.s.w.s.s.s.WebSocketHandlerMapping      : Mapped URL path [/offline-analyse] onto handler of type [class org.springframework.web.socket.server.support.WebSocketHttpRequestHandler]
2018-12-05 16:46:16.393  INFO 42824 --- [main] s.w.s.m.m.a.RequestMappingHandlerAdapter : Looking for @ControllerAdvice: org.springframework.boot.web.servlet.context.AnnotationConfigServletWebServerApplicationContext@3e58a80e: startup date [Wed Dec 05 16:46:13 CST 2018]; root of context hierarchy
2018-12-05 16:46:16.462  INFO 42824 --- [main] s.w.s.m.m.a.RequestMappingHandlerMapping : Mapped "{[/error]}" onto public org.springframework.http.ResponseEntity<java.util.Map<java.lang.String, java.lang.Object>> org.springframework.boot.autoconfigure.web.servlet.error.BasicErrorController.error(javax.servlet.http.HttpServletRequest)
2018-12-05 16:46:16.463  INFO 42824 --- [main] s.w.s.m.m.a.RequestMappingHandlerMapping : Mapped "{[/error],produces=[text/html]}" onto public org.springframework.web.servlet.ModelAndView org.springframework.boot.autoconfigure.web.servlet.error.BasicErrorController.errorHtml(javax.servlet.http.HttpServletRequest,javax.servlet.http.HttpServletResponse)
2018-12-05 16:46:16.484  INFO 42824 --- [main] o.s.w.s.handler.SimpleUrlHandlerMapping  : Mapped URL path [/webjars/**] onto handler of type [class org.springframework.web.servlet.resource.ResourceHttpRequestHandler]
2018-12-05 16:46:16.484  INFO 42824 --- [main] o.s.w.s.handler.SimpleUrlHandlerMapping  : Mapped URL path [/**] onto handler of type [class org.springframework.web.servlet.resource.ResourceHttpRequestHandler]
2018-12-05 16:46:16.506  INFO 42824 --- [main] o.s.w.s.handler.SimpleUrlHandlerMapping  : Mapped URL path [/**/favicon.ico] onto handler of type [class org.springframework.web.servlet.resource.ResourceHttpRequestHandler]
2018-12-05 16:46:16.651  INFO 42824 --- [main] o.s.j.e.a.AnnotationMBeanExporter        : Registering beans for JMX exposure on startup
2018-12-05 16:46:16.656  INFO 42824 --- [main] o.s.c.support.DefaultLifecycleProcessor  : Starting beans in phase 2147483647
2018-12-05 16:46:16.684  INFO 42824 --- [main] o.s.b.w.embedded.tomcat.TomcatWebServer  : Tomcat started on port(s): 9000 (http) with context path ''
2018-12-05 16:46:16.687  INFO 42824 --- [main] com.ljshuoda.SpringbootWebSocket.Main    : Started Main in 4.312 seconds (JVM running for 7.37)
2018-12-05 16:46:20.622  INFO 42824 --- [http-nio-9000-exec-1] o.a.c.c.C.[Tomcat].[localhost].[/]       : Initializing Spring FrameworkServlet 'dispatcherServlet'
2018-12-05 16:46:20.623  INFO 42824 --- [http-nio-9000-exec-1] o.s.web.servlet.DispatcherServlet        : FrameworkServlet 'dispatcherServlet': initialization started
2018-12-05 16:46:20.643  INFO 42824 --- [http-nio-9000-exec-1] o.s.web.servlet.DispatcherServlet        : FrameworkServlet 'dispatcherServlet': initialization completed in 20 ms
